<?xml version="1.0" encoding="UTF-8"?>
<testng-results ignored="0" total="2" passed="2" failed="0" skipped="0">
  <reporter-output>
  </reporter-output>
  <suite started-at="2022-11-26T21:15:56 EST" name="Suite" finished-at="2022-11-26T21:16:15 EST" duration-ms="18750">
    <groups>
    </groups>
    <test started-at="2022-11-26T21:15:56 EST" name="Test" finished-at="2022-11-26T21:16:15 EST" duration-ms="18750">
      <class name="grid.GoogleTest">
        <test-method signature="HomePageCheck()[pri:0, instance:grid.GoogleTest@3246fb96]" started-at="2022-11-26T21:15:56 EST" name="HomePageCheck" finished-at="2022-11-26T21:16:12 EST" duration-ms="15814" status="PASS">
          <reporter-output>
          </reporter-output>
        </test-method> <!-- HomePageCheck -->
      </class> <!-- grid.GoogleTest -->
      <class name="grid.RSATest">
        <test-method signature="HomePageCheck()[pri:0, instance:grid.RSATest@5136d012]" started-at="2022-11-26T21:15:56 EST" name="HomePageCheck" finished-at="2022-11-26T21:16:15 EST" duration-ms="18583" status="PASS">
          <reporter-output>
          </reporter-output>
        </test-method> <!-- HomePageCheck -->
      </class> <!-- grid.RSATest -->
    </test> <!-- Test -->
  </suite> <!-- Suite -->
</testng-results>
