<?xml version="1.0" encoding="UTF-8"?>
<!-- Generated by org.testng.reporters.JUnitXMLReporter -->
<testsuite ignored="1" hostname="LAPTOP-SSQPGT4E" failures="0" tests="2" name="TestngAnnotation" time="0.077" errors="0" timestamp="2022-10-06T22:32:19 EDT">
  <testcase classname="testNGFW.TestngAnnotation" name="testCase1" time="0.008"/>
  <testcase classname="testNGFW.TestngAnnotation" name="testCase2" time="0.001"/>
  <testcase classname="testNGFW.TestngAnnotation" name="testCase3" time="0.0">
    <ignored/>
  </testcase> <!-- testCase3 -->
</testsuite> <!-- TestngAnnotation -->
